Timestamp	Filename	Error	Message
2018-12-17 18:17:26.724 +0200	Job Application.fmp12	0	*** Started consistency check of improperly closed file, total of 943 block(s) to check
2018-12-17 18:17:26.733 +0200	Job Application.fmp12	8432	Page 540 marked free but not in free list
2018-12-17 18:17:26.734 +0200	Job Application.fmp12	8432	Page 541 marked free but not in free list
2018-12-17 18:17:26.734 +0200	Job Application.fmp12	8432	Page 544 marked free but not in free list
2018-12-17 18:17:26.734 +0200	Job Application.fmp12	8432	Page 545 marked free but not in free list
2018-12-17 18:17:26.734 +0200	Job Application.fmp12	8432	Page 546 marked free but not in free list
2018-12-17 18:17:26.734 +0200	Job Application.fmp12	8432	Page 547 marked free but not in free list
2018-12-17 18:17:26.734 +0200	Job Application.fmp12	8432	Page 548 marked free but not in free list
2018-12-17 18:17:26.734 +0200	Job Application.fmp12	8432	Page 549 marked free but not in free list
2018-12-17 18:17:26.734 +0200	Job Application.fmp12	8432	Page 550 marked free but not in free list
2018-12-17 18:17:26.734 +0200	Job Application.fmp12	8432	Page 551 marked free but not in free list
2018-12-17 18:17:26.734 +0200	Job Application.fmp12	8432	Page 552 marked free but not in free list
2018-12-17 18:17:26.734 +0200	Job Application.fmp12	8432	Page 553 marked free but not in free list
2018-12-17 18:17:26.734 +0200	Job Application.fmp12	8432	Page 554 marked free but not in free list
2018-12-17 18:17:26.734 +0200	Job Application.fmp12	8432	Page 555 marked free but not in free list
2018-12-17 18:17:26.734 +0200	Job Application.fmp12	8432	Page 556 marked free but not in free list
2018-12-17 18:17:26.734 +0200	Job Application.fmp12	8432	Page 557 marked free but not in free list
2018-12-17 18:17:26.734 +0200	Job Application.fmp12	8432	Page 558 marked free but not in free list
2018-12-17 18:17:26.734 +0200	Job Application.fmp12	8432	Page 559 marked free but not in free list
2018-12-17 18:17:26.734 +0200	Job Application.fmp12	8432	Page 560 marked free but not in free list
2018-12-17 18:17:26.734 +0200	Job Application.fmp12	8432	Page 561 marked free but not in free list
2018-12-17 18:17:26.734 +0200	Job Application.fmp12	8432	Page 562 marked free but not in free list
2018-12-17 18:17:26.734 +0200	Job Application.fmp12	8432	Page 563 marked free but not in free list
2018-12-17 18:17:26.734 +0200	Job Application.fmp12	8432	Page 564 marked free but not in free list
2018-12-17 18:17:26.734 +0200	Job Application.fmp12	8432	Page 565 marked free but not in free list
2018-12-17 18:17:26.734 +0200	Job Application.fmp12	8432	Page 566 marked free but not in free list
2018-12-17 18:17:26.734 +0200	Job Application.fmp12	8432	Page 567 marked free but not in free list
2018-12-17 18:17:26.734 +0200	Job Application.fmp12	8432	Page 568 marked free but not in free list
2018-12-17 18:17:26.734 +0200	Job Application.fmp12	8432	Page 569 marked free but not in free list
2018-12-17 18:17:26.734 +0200	Job Application.fmp12	8432	Page 570 marked free but not in free list
2018-12-17 18:17:26.734 +0200	Job Application.fmp12	8432	Page 571 marked free but not in free list
2018-12-17 18:17:26.734 +0200	Job Application.fmp12	8432	Page 572 marked free but not in free list
2018-12-17 18:17:26.734 +0200	Job Application.fmp12	8432	Page 573 marked free but not in free list
2018-12-17 18:17:26.734 +0200	Job Application.fmp12	8432	Page 574 marked free but not in free list
2018-12-17 18:17:26.734 +0200	Job Application.fmp12	8432	Page 575 marked free but not in free list
2018-12-17 18:17:26.734 +0200	Job Application.fmp12	8432	Page 576 marked free but not in free list
2018-12-17 18:17:26.734 +0200	Job Application.fmp12	8432	Page 577 marked free but not in free list
2018-12-17 18:17:26.734 +0200	Job Application.fmp12	8432	Page 578 marked free but not in free list
2018-12-17 18:17:26.734 +0200	Job Application.fmp12	8432	Page 579 marked free but not in free list
2018-12-17 18:17:26.734 +0200	Job Application.fmp12	8432	Page 580 marked free but not in free list
2018-12-17 18:17:26.734 +0200	Job Application.fmp12	8432	Page 581 marked free but not in free list
2018-12-17 18:17:26.734 +0200	Job Application.fmp12	8432	Page 582 marked free but not in free list
2018-12-17 18:17:26.734 +0200	Job Application.fmp12	8432	Page 583 marked free but not in free list
2018-12-17 18:17:26.734 +0200	Job Application.fmp12	8432	Page 584 marked free but not in free list
2018-12-17 18:17:26.734 +0200	Job Application.fmp12	8432	Page 585 marked free but not in free list
2018-12-17 18:17:26.734 +0200	Job Application.fmp12	8432	Page 586 marked free but not in free list
2018-12-17 18:17:26.734 +0200	Job Application.fmp12	8432	Page 587 marked free but not in free list
2018-12-17 18:17:26.734 +0200	Job Application.fmp12	8432	Page 588 marked free but not in free list
2018-12-17 18:17:26.734 +0200	Job Application.fmp12	8432	Page 589 marked free but not in free list
2018-12-17 18:17:26.734 +0200	Job Application.fmp12	8432	Page 590 marked free but not in free list
2018-12-17 18:17:26.736 +0200	Job Application.fmp12	8432	Page 591 marked free but not in free list
2018-12-17 18:17:26.736 +0200	Job Application.fmp12	8432	Page 592 marked free but not in free list
2018-12-17 18:17:26.736 +0200	Job Application.fmp12	8432	Page 593 marked free but not in free list
2018-12-17 18:17:26.736 +0200	Job Application.fmp12	8432	Page 594 marked free but not in free list
2018-12-17 18:17:26.736 +0200	Job Application.fmp12	8432	Page 595 marked free but not in free list
2018-12-17 18:17:26.736 +0200	Job Application.fmp12	8432	Page 596 marked free but not in free list
2018-12-17 18:17:26.736 +0200	Job Application.fmp12	8432	Page 597 marked free but not in free list
2018-12-17 18:17:26.736 +0200	Job Application.fmp12	8432	Page 598 marked free but not in free list
2018-12-17 18:17:26.736 +0200	Job Application.fmp12	8432	Page 599 marked free but not in free list
2018-12-17 18:17:26.736 +0200	Job Application.fmp12	8432	Page 600 marked free but not in free list
2018-12-17 18:17:26.736 +0200	Job Application.fmp12	8432	Page 601 marked free but not in free list
2018-12-17 18:17:26.736 +0200	Job Application.fmp12	8432	Page 602 marked free but not in free list
2018-12-17 18:17:26.736 +0200	Job Application.fmp12	8432	Page 603 marked free but not in free list
2018-12-17 18:17:26.736 +0200	Job Application.fmp12	8432	Page 604 marked free but not in free list
2018-12-17 18:17:26.736 +0200	Job Application.fmp12	8432	Page 607 marked free but not in free list
2018-12-17 18:17:26.736 +0200	Job Application.fmp12	8432	Page 608 marked free but not in free list
2018-12-17 18:17:26.736 +0200	Job Application.fmp12	8432	Page 609 marked free but not in free list
2018-12-17 18:17:26.736 +0200	Job Application.fmp12	8432	Page 610 marked free but not in free list
2018-12-17 18:17:26.736 +0200	Job Application.fmp12	8432	Page 611 marked free but not in free list
2018-12-17 18:17:26.736 +0200	Job Application.fmp12	8432	Page 612 marked free but not in free list
2018-12-17 18:17:26.736 +0200	Job Application.fmp12	8432	Page 613 marked free but not in free list
2018-12-17 18:17:26.736 +0200	Job Application.fmp12	8432	Page 614 marked free but not in free list
2018-12-17 18:17:26.736 +0200	Job Application.fmp12	8432	Page 615 marked free but not in free list
2018-12-17 18:17:26.736 +0200	Job Application.fmp12	8432	Page 616 marked free but not in free list
2018-12-17 18:17:26.736 +0200	Job Application.fmp12	8432	Page 617 marked free but not in free list
2018-12-17 18:17:26.736 +0200	Job Application.fmp12	8432	Page 618 marked free but not in free list
2018-12-17 18:17:26.736 +0200	Job Application.fmp12	8432	Page 619 marked free but not in free list
2018-12-17 18:17:26.736 +0200	Job Application.fmp12	8432	Page 620 marked free but not in free list
2018-12-17 18:17:26.736 +0200	Job Application.fmp12	8432	Page 621 marked free but not in free list
2018-12-17 18:17:26.736 +0200	Job Application.fmp12	8432	Page 622 marked free but not in free list
2018-12-17 18:17:26.736 +0200	Job Application.fmp12	8432	Page 623 marked free but not in free list
2018-12-17 18:17:26.736 +0200	Job Application.fmp12	8432	Page 625 marked free but not in free list
2018-12-17 18:17:26.736 +0200	Job Application.fmp12	8432	Page 626 marked free but not in free list
2018-12-17 18:17:26.736 +0200	Job Application.fmp12	8432	Page 627 marked free but not in free list
2018-12-17 18:17:26.736 +0200	Job Application.fmp12	8432	Page 628 marked free but not in free list
2018-12-17 18:17:26.736 +0200	Job Application.fmp12	8432	Page 629 marked free but not in free list
2018-12-17 18:17:26.736 +0200	Job Application.fmp12	8432	Page 630 marked free but not in free list
2018-12-17 18:17:26.736 +0200	Job Application.fmp12	8432	Page 631 marked free but not in free list
2018-12-17 18:17:26.736 +0200	Job Application.fmp12	8432	Page 632 marked free but not in free list
2018-12-17 18:17:26.736 +0200	Job Application.fmp12	8432	Page 633 marked free but not in free list
2018-12-17 18:17:26.736 +0200	Job Application.fmp12	8432	Page 634 marked free but not in free list
2018-12-17 18:17:26.736 +0200	Job Application.fmp12	8432	Page 635 marked free but not in free list
2018-12-17 18:17:26.736 +0200	Job Application.fmp12	8432	Page 636 marked free but not in free list
2018-12-17 18:17:26.736 +0200	Job Application.fmp12	8432	Page 637 marked free but not in free list
2018-12-17 18:17:26.736 +0200	Job Application.fmp12	8432	Page 638 marked free but not in free list
2018-12-17 18:17:26.736 +0200	Job Application.fmp12	8432	Page 639 marked free but not in free list
2018-12-17 18:17:26.736 +0200	Job Application.fmp12	8432	Page 640 marked free but not in free list
2018-12-17 18:17:26.736 +0200	Job Application.fmp12	8432	Page 641 marked free but not in free list
2018-12-17 18:17:26.736 +0200	Job Application.fmp12	8432	Page 642 marked free but not in free list
2018-12-17 18:17:26.736 +0200	Job Application.fmp12	8432	Page 643 marked free but not in free list
2018-12-17 18:17:26.737 +0200	Job Application.fmp12	8432	Page 644 marked free but not in free list
2018-12-17 18:17:26.737 +0200	Job Application.fmp12	8432	Page 645 marked free but not in free list
2018-12-17 18:17:26.737 +0200	Job Application.fmp12	8432	Page 646 marked free but not in free list
2018-12-17 18:17:26.737 +0200	Job Application.fmp12	8432	Page 647 marked free but not in free list
2018-12-17 18:17:26.737 +0200	Job Application.fmp12	8432	Page 648 marked free but not in free list
2018-12-17 18:17:26.737 +0200	Job Application.fmp12	8432	Page 649 marked free but not in free list
2018-12-17 18:17:26.737 +0200	Job Application.fmp12	8432	Page 650 marked free but not in free list
2018-12-17 18:17:26.737 +0200	Job Application.fmp12	8432	Page 651 marked free but not in free list
2018-12-17 18:17:26.737 +0200	Job Application.fmp12	8432	Page 652 marked free but not in free list
2018-12-17 18:17:26.737 +0200	Job Application.fmp12	8432	Page 653 marked free but not in free list
2018-12-17 18:17:26.737 +0200	Job Application.fmp12	8432	Page 654 marked free but not in free list
2018-12-17 18:17:26.737 +0200	Job Application.fmp12	8432	Page 655 marked free but not in free list
2018-12-17 18:17:26.737 +0200	Job Application.fmp12	8432	Page 656 marked free but not in free list
2018-12-17 18:17:26.737 +0200	Job Application.fmp12	8432	Page 657 marked free but not in free list
2018-12-17 18:17:26.737 +0200	Job Application.fmp12	8432	Page 658 marked free but not in free list
2018-12-17 18:17:26.737 +0200	Job Application.fmp12	8432	Page 659 marked free but not in free list
2018-12-17 18:17:26.737 +0200	Job Application.fmp12	8432	Page 660 marked free but not in free list
2018-12-17 18:17:26.737 +0200	Job Application.fmp12	8432	Page 661 marked free but not in free list
2018-12-17 18:17:26.737 +0200	Job Application.fmp12	8432	Page 662 marked free but not in free list
2018-12-17 18:17:26.737 +0200	Job Application.fmp12	8432	Page 663 marked free but not in free list
2018-12-17 18:17:26.737 +0200	Job Application.fmp12	8432	Page 664 marked free but not in free list
2018-12-17 18:17:26.737 +0200	Job Application.fmp12	8432	Page 665 marked free but not in free list
2018-12-17 18:17:26.737 +0200	Job Application.fmp12	8432	Page 666 marked free but not in free list
2018-12-17 18:17:26.737 +0200	Job Application.fmp12	8432	Page 667 marked free but not in free list
2018-12-17 18:17:26.737 +0200	Job Application.fmp12	8432	Page 668 marked free but not in free list
2018-12-17 18:17:26.737 +0200	Job Application.fmp12	8432	Page 669 marked free but not in free list
2018-12-17 18:17:26.737 +0200	Job Application.fmp12	8432	Page 670 marked free but not in free list
2018-12-17 18:17:26.737 +0200	Job Application.fmp12	8432	Page 671 marked free but not in free list
2018-12-17 18:17:26.737 +0200	Job Application.fmp12	8432	Page 672 marked free but not in free list
2018-12-17 18:17:26.737 +0200	Job Application.fmp12	8432	Page 673 marked free but not in free list
2018-12-17 18:17:26.737 +0200	Job Application.fmp12	8432	Page 674 marked free but not in free list
2018-12-17 18:17:26.737 +0200	Job Application.fmp12	8432	Page 675 marked free but not in free list
2018-12-17 18:17:26.737 +0200	Job Application.fmp12	8432	Page 676 marked free but not in free list
2018-12-17 18:17:26.737 +0200	Job Application.fmp12	8432	Page 677 marked free but not in free list
2018-12-17 18:17:26.737 +0200	Job Application.fmp12	8432	Page 678 marked free but not in free list
2018-12-17 18:17:26.737 +0200	Job Application.fmp12	8432	Page 679 marked free but not in free list
2018-12-17 18:17:26.737 +0200	Job Application.fmp12	8432	Page 680 marked free but not in free list
2018-12-17 18:17:26.737 +0200	Job Application.fmp12	8432	Page 681 marked free but not in free list
2018-12-17 18:17:26.737 +0200	Job Application.fmp12	8432	Page 682 marked free but not in free list
2018-12-17 18:17:26.737 +0200	Job Application.fmp12	8432	Page 683 marked free but not in free list
2018-12-17 18:17:26.737 +0200	Job Application.fmp12	8432	Page 684 marked free but not in free list
2018-12-17 18:17:26.737 +0200	Job Application.fmp12	8432	Page 685 marked free but not in free list
2018-12-17 18:17:26.737 +0200	Job Application.fmp12	8432	Page 686 marked free but not in free list
2018-12-17 18:17:26.737 +0200	Job Application.fmp12	8432	Page 687 marked free but not in free list
2018-12-17 18:17:26.738 +0200	Job Application.fmp12	8432	Page 688 marked free but not in free list
2018-12-17 18:17:26.739 +0200	Job Application.fmp12	8432	Page 689 marked free but not in free list
2018-12-17 18:17:26.739 +0200	Job Application.fmp12	8432	Page 690 marked free but not in free list
2018-12-17 18:17:26.740 +0200	Job Application.fmp12	8432	Page 691 marked free but not in free list
2018-12-17 18:17:26.741 +0200	Job Application.fmp12	8432	Page 692 marked free but not in free list
2018-12-17 18:17:26.741 +0200	Job Application.fmp12	8432	Page 943 marked free but not in free list
2018-12-17 18:17:26.742 +0200	Job Application.fmp12	0	Reset maximum block sequence number to 48317
2018-12-17 18:17:26.743 +0200	Job Application.fmp12	0	*** Completed consistency check, checked 943 block(s)
